mode: atomic
github.com/cloudfoundry-incubator/runtime-schema/bbs/fake_bbs/fake_stager_bbs.go:52.100,56.43 4 0
github.com/cloudfoundry-incubator/runtime-schema/bbs/fake_bbs/fake_stager_bbs.go:56.43,58.3 1 0
github.com/cloudfoundry-incubator/runtime-schema/bbs/fake_bbs/fake_stager_bbs.go:58.4,60.3 1 0
github.com/cloudfoundry-incubator/runtime-schema/bbs/fake_bbs/fake_stager_bbs.go:63.65,67.2 3 0
github.com/cloudfoundry-incubator/runtime-schema/bbs/fake_bbs/fake_stager_bbs.go:69.128,75.2 1 0
github.com/cloudfoundry-incubator/runtime-schema/bbs/fake_bbs/fake_stager_bbs.go:77.63,83.32 4 0
github.com/cloudfoundry-incubator/runtime-schema/bbs/fake_bbs/fake_stager_bbs.go:83.32,85.3 1 0
github.com/cloudfoundry-incubator/runtime-schema/bbs/fake_bbs/fake_stager_bbs.go:85.4,87.3 1 0
github.com/cloudfoundry-incubator/runtime-schema/bbs/fake_bbs/fake_stager_bbs.go:90.54,94.2 3 0
github.com/cloudfoundry-incubator/runtime-schema/bbs/fake_bbs/fake_stager_bbs.go:96.69,100.2 3 0
github.com/cloudfoundry-incubator/runtime-schema/bbs/fake_bbs/fake_stager_bbs.go:102.61,106.2 1 0
github.com/cloudfoundry-incubator/runtime-schema/bbs/fake_bbs/fake_stager_bbs.go:108.61,114.35 4 0
github.com/cloudfoundry-incubator/runtime-schema/bbs/fake_bbs/fake_stager_bbs.go:114.35,116.3 1 0
github.com/cloudfoundry-incubator/runtime-schema/bbs/fake_bbs/fake_stager_bbs.go:116.4,118.3 1 0
github.com/cloudfoundry-incubator/runtime-schema/bbs/fake_bbs/fake_stager_bbs.go:121.57,125.2 3 0
github.com/cloudfoundry-incubator/runtime-schema/bbs/fake_bbs/fake_stager_bbs.go:127.67,131.2 3 0
github.com/cloudfoundry-incubator/runtime-schema/bbs/fake_bbs/fake_stager_bbs.go:133.64,137.2 1 0
github.com/cloudfoundry-incubator/runtime-schema/bbs/fake_bbs/fake_stager_bbs.go:139.59,145.33 4 0
github.com/cloudfoundry-incubator/runtime-schema/bbs/fake_bbs/fake_stager_bbs.go:145.33,147.3 1 0
github.com/cloudfoundry-incubator/runtime-schema/bbs/fake_bbs/fake_stager_bbs.go:147.4,149.3 1 0
github.com/cloudfoundry-incubator/runtime-schema/bbs/fake_bbs/fake_stager_bbs.go:152.55,156.2 3 0
github.com/cloudfoundry-incubator/runtime-schema/bbs/fake_bbs/fake_stager_bbs.go:158.65,162.2 3 0
github.com/cloudfoundry-incubator/runtime-schema/bbs/fake_bbs/fake_stager_bbs.go:164.62,168.2 1 0
github.com/cloudfoundry-incubator/runtime-schema/bbs/fake_bbs/fake_stager_bbs.go:170.69,174.44 4 0
github.com/cloudfoundry-incubator/runtime-schema/bbs/fake_bbs/fake_stager_bbs.go:174.44,176.3 1 0
github.com/cloudfoundry-incubator/runtime-schema/bbs/fake_bbs/fake_stager_bbs.go:176.4,178.3 1 0
github.com/cloudfoundry-incubator/runtime-schema/bbs/fake_bbs/fake_stager_bbs.go:181.66,185.2 3 0
github.com/cloudfoundry-incubator/runtime-schema/bbs/fake_bbs/fake_stager_bbs.go:187.89,192.2 1 0
github.com/cloudfoundry-incubator/runtime-schema/bbs/fake_bbs/file_server_getter.go:7.70,8.46 1 0
github.com/cloudfoundry-incubator/runtime-schema/bbs/fake_bbs/file_server_getter.go:12.2,12.45 1 0
github.com/cloudfoundry-incubator/runtime-schema/bbs/fake_bbs/file_server_getter.go:8.46,10.3 1 0
github.com/cloudfoundry-incubator/runtime-schema/bbs/fake_bbs/fake_auctioneer_bbs.go:42.48,54.2 1 1
github.com/cloudfoundry-incubator/runtime-schema/bbs/fake_bbs/fake_auctioneer_bbs.go:56.107,59.2 2 0
github.com/cloudfoundry-incubator/runtime-schema/bbs/fake_bbs/fake_auctioneer_bbs.go:61.84,65.2 3 0
github.com/cloudfoundry-incubator/runtime-schema/bbs/fake_bbs/fake_auctioneer_bbs.go:67.116,72.2 3 0
github.com/cloudfoundry-incubator/runtime-schema/bbs/fake_bbs/fake_auctioneer_bbs.go:74.90,80.2 4 0
github.com/cloudfoundry-incubator/runtime-schema/bbs/fake_bbs/fake_auctioneer_bbs.go:82.92,88.2 4 0
github.com/cloudfoundry-incubator/runtime-schema/bbs/fake_bbs/fake_auctioneer_bbs.go:90.85,94.2 3 0
github.com/cloudfoundry-incubator/runtime-schema/bbs/fake_bbs/fake_auctioneer_bbs.go:96.83,100.2 3 0
github.com/cloudfoundry-incubator/runtime-schema/bbs/fake_bbs/fake_auctioneer_bbs.go:102.114,107.2 3 0
github.com/cloudfoundry-incubator/runtime-schema/bbs/fake_bbs/fake_auctioneer_bbs.go:109.88,115.2 4 0
github.com/cloudfoundry-incubator/runtime-schema/bbs/fake_bbs/fake_auctioneer_bbs.go:117.90,123.2 4 0
github.com/cloudfoundry-incubator/runtime-schema/bbs/fake_bbs/fake_auctioneer_bbs.go:125.83,129.2 3 0
github.com/cloudfoundry-incubator/runtime-schema/bbs/fake_bbs/fake_auctioneer_bbs.go:131.81,135.2 3 0
github.com/cloudfoundry-incubator/runtime-schema/bbs/fake_bbs/fake_converger_bbs.go:59.46,72.2 2 1
github.com/cloudfoundry-incubator/runtime-schema/bbs/fake_bbs/fake_converger_bbs.go:74.49,79.2 3 0
github.com/cloudfoundry-incubator/runtime-schema/bbs/fake_bbs/fake_converger_bbs.go:81.60,86.2 3 0
github.com/cloudfoundry-incubator/runtime-schema/bbs/fake_bbs/fake_converger_bbs.go:88.131,93.2 3 0
github.com/cloudfoundry-incubator/runtime-schema/bbs/fake_bbs/fake_converger_bbs.go:95.72,100.2 3 0
github.com/cloudfoundry-incubator/runtime-schema/bbs/fake_bbs/fake_converger_bbs.go:102.130,107.2 3 0
github.com/cloudfoundry-incubator/runtime-schema/bbs/fake_bbs/fake_converger_bbs.go:109.71,114.2 3 0
github.com/cloudfoundry-incubator/runtime-schema/bbs/fake_bbs/fake_converger_bbs.go:116.113,123.2 5 0
github.com/cloudfoundry-incubator/runtime-schema/bbs/fake_bbs/fake_converger_bbs.go:125.75,130.2 3 0
github.com/cloudfoundry-incubator/runtime-schema/bbs/fake_bbs/fake_converger_bbs.go:132.61,137.2 3 0
github.com/cloudfoundry-incubator/runtime-schema/bbs/fake_bbs/fake_converger_bbs.go:139.107,142.2 2 0
github.com/cloudfoundry-incubator/runtime-schema/bbs/fake_bbs/fake_converger_bbs.go:144.74,149.2 3 0
github.com/cloudfoundry-incubator/runtime-schema/bbs/fake_bbs/fake_converger_bbs.go:151.73,157.2 4 0
github.com/cloudfoundry-incubator/runtime-schema/bbs/fake_bbs/fake_converger_bbs.go:159.68,163.2 3 0
github.com/cloudfoundry-incubator/runtime-schema/bbs/fake_bbs/fake_converger_bbs.go:165.122,167.2 1 0
github.com/cloudfoundry-incubator/runtime-schema/bbs/fake_bbs/fake_converger_bbs.go:169.91,172.51 3 0
github.com/cloudfoundry-incubator/runtime-schema/bbs/fake_bbs/fake_converger_bbs.go:175.2,176.35 2 0
github.com/cloudfoundry-incubator/runtime-schema/bbs/fake_bbs/fake_converger_bbs.go:172.51,174.3 1 0
github.com/cloudfoundry-incubator/runtime-schema/bbs/fake_bbs/fake_converger_bbs.go:179.81,183.2 3 0
github.com/cloudfoundry-incubator/runtime-schema/bbs/fake_bbs/fake_converger_bbs.go:185.89,188.50 3 0
github.com/cloudfoundry-incubator/runtime-schema/bbs/fake_bbs/fake_converger_bbs.go:191.2,192.34 2 0
github.com/cloudfoundry-incubator/runtime-schema/bbs/fake_bbs/fake_converger_bbs.go:188.50,190.3 1 0
github.com/cloudfoundry-incubator/runtime-schema/bbs/fake_bbs/fake_converger_bbs.go:195.79,199.2 3 0
github.com/cloudfoundry-incubator/runtime-schema/bbs/fake_bbs/fake_converger_bbs.go:201.91,206.2 4 0
github.com/cloudfoundry-incubator/runtime-schema/bbs/fake_bbs/fake_converger_bbs.go:208.81,212.2 3 0
github.com/cloudfoundry-incubator/runtime-schema/bbs/fake_bbs/fake_converger_bbs.go:214.97,218.2 3 0
github.com/cloudfoundry-incubator/runtime-schema/bbs/fake_bbs/fake_converger_bbs.go:220.90,225.2 4 0
github.com/cloudfoundry-incubator/runtime-schema/bbs/fake_bbs/fake_converger_bbs.go:227.78,231.2 3 0
github.com/cloudfoundry-incubator/runtime-schema/bbs/fake_bbs/fake_metrics_bbs.go:36.66,40.33 4 0
github.com/cloudfoundry-incubator/runtime-schema/bbs/fake_bbs/fake_metrics_bbs.go:40.33,42.3 1 0
github.com/cloudfoundry-incubator/runtime-schema/bbs/fake_bbs/fake_metrics_bbs.go:42.4,44.3 1 0
github.com/cloudfoundry-incubator/runtime-schema/bbs/fake_bbs/fake_metrics_bbs.go:47.56,51.2 3 0
github.com/cloudfoundry-incubator/runtime-schema/bbs/fake_bbs/fake_metrics_bbs.go:53.86,58.2 1 0
github.com/cloudfoundry-incubator/runtime-schema/bbs/fake_bbs/fake_metrics_bbs.go:60.92,64.45 4 0
github.com/cloudfoundry-incubator/runtime-schema/bbs/fake_bbs/fake_metrics_bbs.go:64.45,66.3 1 0
github.com/cloudfoundry-incubator/runtime-schema/bbs/fake_bbs/fake_metrics_bbs.go:66.4,68.3 1 0
github.com/cloudfoundry-incubator/runtime-schema/bbs/fake_bbs/fake_metrics_bbs.go:71.68,75.2 3 0
github.com/cloudfoundry-incubator/runtime-schema/bbs/fake_bbs/fake_metrics_bbs.go:77.112,82.2 1 0
github.com/cloudfoundry-incubator/runtime-schema/bbs/fake_bbs/fake_metrics_bbs.go:84.65,88.37 4 0
github.com/cloudfoundry-incubator/runtime-schema/bbs/fake_bbs/fake_metrics_bbs.go:88.37,90.3 1 0
github.com/cloudfoundry-incubator/runtime-schema/bbs/fake_bbs/fake_metrics_bbs.go:90.4,92.3 1 0
github.com/cloudfoundry-incubator/runtime-schema/bbs/fake_bbs/fake_metrics_bbs.go:95.60,99.2 3 0
github.com/cloudfoundry-incubator/runtime-schema/bbs/fake_bbs/fake_metrics_bbs.go:101.85,106.2 1 0
github.com/cloudfoundry-incubator/runtime-schema/bbs/fake_bbs/fake_nsync_bbs.go:58.67,64.31 4 0
github.com/cloudfoundry-incubator/runtime-schema/bbs/fake_bbs/fake_nsync_bbs.go:64.31,66.3 1 0
github.com/cloudfoundry-incubator/runtime-schema/bbs/fake_bbs/fake_nsync_bbs.go:66.4,68.3 1 0
github.com/cloudfoundry-incubator/runtime-schema/bbs/fake_bbs/fake_nsync_bbs.go:71.52,75.2 3 0
github.com/cloudfoundry-incubator/runtime-schema/bbs/fake_bbs/fake_nsync_bbs.go:77.73,81.2 3 0
github.com/cloudfoundry-incubator/runtime-schema/bbs/fake_bbs/fake_nsync_bbs.go:83.59,87.2 1 0
github.com/cloudfoundry-incubator/runtime-schema/bbs/fake_bbs/fake_nsync_bbs.go:89.76,95.51 4 0
github.com/cloudfoundry-incubator/runtime-schema/bbs/fake_bbs/fake_nsync_bbs.go:95.51,97.3 1 0
github.com/cloudfoundry-incubator/runtime-schema/bbs/fake_bbs/fake_nsync_bbs.go:97.4,99.3 1 0
github.com/cloudfoundry-incubator/runtime-schema/bbs/fake_bbs/fake_nsync_bbs.go:102.72,106.2 3 0
github.com/cloudfoundry-incubator/runtime-schema/bbs/fake_bbs/fake_nsync_bbs.go:108.82,112.2 3 0
github.com/cloudfoundry-incubator/runtime-schema/bbs/fake_bbs/fake_nsync_bbs.go:114.79,118.2 1 0
github.com/cloudfoundry-incubator/runtime-schema/bbs/fake_bbs/fake_nsync_bbs.go:120.97,126.47 4 0
github.com/cloudfoundry-incubator/runtime-schema/bbs/fake_bbs/fake_nsync_bbs.go:126.47,128.3 1 0
github.com/cloudfoundry-incubator/runtime-schema/bbs/fake_bbs/fake_nsync_bbs.go:128.4,130.3 1 0
github.com/cloudfoundry-incubator/runtime-schema/bbs/fake_bbs/fake_nsync_bbs.go:133.68,137.2 3 0
github.com/cloudfoundry-incubator/runtime-schema/bbs/fake_bbs/fake_nsync_bbs.go:139.78,143.2 3 0
github.com/cloudfoundry-incubator/runtime-schema/bbs/fake_bbs/fake_nsync_bbs.go:145.104,150.2 1 0
github.com/cloudfoundry-incubator/runtime-schema/bbs/fake_bbs/fake_nsync_bbs.go:152.82,158.38 4 0
github.com/cloudfoundry-incubator/runtime-schema/bbs/fake_bbs/fake_nsync_bbs.go:158.38,160.3 1 0
github.com/cloudfoundry-incubator/runtime-schema/bbs/fake_bbs/fake_nsync_bbs.go:160.4,162.3 1 0
github.com/cloudfoundry-incubator/runtime-schema/bbs/fake_bbs/fake_nsync_bbs.go:165.59,169.2 3 0
github.com/cloudfoundry-incubator/runtime-schema/bbs/fake_bbs/fake_nsync_bbs.go:171.86,175.2 3 0
github.com/cloudfoundry-incubator/runtime-schema/bbs/fake_bbs/fake_nsync_bbs.go:177.66,181.2 1 0
github.com/cloudfoundry-incubator/runtime-schema/bbs/fake_bbs/fake_nsync_bbs.go:183.81,190.35 4 0
github.com/cloudfoundry-incubator/runtime-schema/bbs/fake_bbs/fake_nsync_bbs.go:190.35,192.3 1 0
github.com/cloudfoundry-incubator/runtime-schema/bbs/fake_bbs/fake_nsync_bbs.go:192.4,194.3 1 0
github.com/cloudfoundry-incubator/runtime-schema/bbs/fake_bbs/fake_nsync_bbs.go:197.56,201.2 3 0
github.com/cloudfoundry-incubator/runtime-schema/bbs/fake_bbs/fake_nsync_bbs.go:203.83,207.2 3 0
github.com/cloudfoundry-incubator/runtime-schema/bbs/fake_bbs/fake_nsync_bbs.go:209.63,213.2 1 0
github.com/cloudfoundry-incubator/runtime-schema/bbs/fake_bbs/fake_rep_bbs.go:120.125,127.42 4 0
github.com/cloudfoundry-incubator/runtime-schema/bbs/fake_bbs/fake_rep_bbs.go:127.42,129.3 1 0
github.com/cloudfoundry-incubator/runtime-schema/bbs/fake_bbs/fake_rep_bbs.go:129.4,131.3 1 0
github.com/cloudfoundry-incubator/runtime-schema/bbs/fake_bbs/fake_rep_bbs.go:134.61,138.2 3 0
github.com/cloudfoundry-incubator/runtime-schema/bbs/fake_bbs/fake_rep_bbs.go:140.105,144.2 3 0
github.com/cloudfoundry-incubator/runtime-schema/bbs/fake_bbs/fake_rep_bbs.go:146.75,151.2 2 0
github.com/cloudfoundry-incubator/runtime-schema/bbs/fake_bbs/fake_rep_bbs.go:153.95,157.41 4 0
github.com/cloudfoundry-incubator/runtime-schema/bbs/fake_bbs/fake_rep_bbs.go:157.41,159.3 1 0
github.com/cloudfoundry-incubator/runtime-schema/bbs/fake_bbs/fake_rep_bbs.go:159.4,161.3 1 0
github.com/cloudfoundry-incubator/runtime-schema/bbs/fake_bbs/fake_rep_bbs.go:164.60,168.2 3 0
github.com/cloudfoundry-incubator/runtime-schema/bbs/fake_bbs/fake_rep_bbs.go:170.123,177.2 2 0
github.com/cloudfoundry-incubator/runtime-schema/bbs/fake_bbs/fake_rep_bbs.go:179.77,186.31 4 0
github.com/cloudfoundry-incubator/runtime-schema/bbs/fake_bbs/fake_rep_bbs.go:186.31,188.3 1 0
github.com/cloudfoundry-incubator/runtime-schema/bbs/fake_bbs/fake_rep_bbs.go:188.4,190.3 1 0
github.com/cloudfoundry-incubator/runtime-schema/bbs/fake_bbs/fake_rep_bbs.go:193.50,197.2 3 0
github.com/cloudfoundry-incubator/runtime-schema/bbs/fake_bbs/fake_rep_bbs.go:199.70,203.2 3 0
github.com/cloudfoundry-incubator/runtime-schema/bbs/fake_bbs/fake_rep_bbs.go:205.57,210.2 2 0
github.com/cloudfoundry-incubator/runtime-schema/bbs/fake_bbs/fake_rep_bbs.go:212.101,220.31 4 0
github.com/cloudfoundry-incubator/runtime-schema/bbs/fake_bbs/fake_rep_bbs.go:220.31,222.3 1 0
github.com/cloudfoundry-incubator/runtime-schema/bbs/fake_bbs/fake_rep_bbs.go:222.4,224.3 1 0
github.com/cloudfoundry-incubator/runtime-schema/bbs/fake_bbs/fake_rep_bbs.go:227.50,231.2 3 0
github.com/cloudfoundry-incubator/runtime-schema/bbs/fake_bbs/fake_rep_bbs.go:233.78,237.2 3 0
github.com/cloudfoundry-incubator/runtime-schema/bbs/fake_bbs/fake_rep_bbs.go:239.57,244.2 2 0
github.com/cloudfoundry-incubator/runtime-schema/bbs/fake_bbs/fake_rep_bbs.go:246.111,255.34 4 0
github.com/cloudfoundry-incubator/runtime-schema/bbs/fake_bbs/fake_rep_bbs.go:255.34,257.3 1 0
github.com/cloudfoundry-incubator/runtime-schema/bbs/fake_bbs/fake_rep_bbs.go:257.4,259.3 1 0
github.com/cloudfoundry-incubator/runtime-schema/bbs/fake_bbs/fake_rep_bbs.go:262.53,266.2 3 0
github.com/cloudfoundry-incubator/runtime-schema/bbs/fake_bbs/fake_rep_bbs.go:268.87,272.2 3 0
github.com/cloudfoundry-incubator/runtime-schema/bbs/fake_bbs/fake_rep_bbs.go:274.60,279.2 2 0
github.com/cloudfoundry-incubator/runtime-schema/bbs/fake_bbs/fake_rep_bbs.go:281.148,290.47 4 0
github.com/cloudfoundry-incubator/runtime-schema/bbs/fake_bbs/fake_rep_bbs.go:290.47,292.3 1 0
github.com/cloudfoundry-incubator/runtime-schema/bbs/fake_bbs/fake_rep_bbs.go:292.4,294.3 1 0
github.com/cloudfoundry-incubator/runtime-schema/bbs/fake_bbs/fake_rep_bbs.go:297.66,301.2 3 0
github.com/cloudfoundry-incubator/runtime-schema/bbs/fake_bbs/fake_rep_bbs.go:303.99,307.2 3 0
github.com/cloudfoundry-incubator/runtime-schema/bbs/fake_bbs/fake_rep_bbs.go:309.99,315.2 2 0
github.com/cloudfoundry-incubator/runtime-schema/bbs/fake_bbs/fake_rep_bbs.go:317.97,324.46 4 0
github.com/cloudfoundry-incubator/runtime-schema/bbs/fake_bbs/fake_rep_bbs.go:324.46,326.3 1 0
github.com/cloudfoundry-incubator/runtime-schema/bbs/fake_bbs/fake_rep_bbs.go:326.4,328.3 1 0
github.com/cloudfoundry-incubator/runtime-schema/bbs/fake_bbs/fake_rep_bbs.go:331.65,335.2 3 0
github.com/cloudfoundry-incubator/runtime-schema/bbs/fake_bbs/fake_rep_bbs.go:337.95,341.2 3 0
github.com/cloudfoundry-incubator/runtime-schema/bbs/fake_bbs/fake_rep_bbs.go:343.72,348.2 2 0
github.com/cloudfoundry-incubator/runtime-schema/bbs/fake_bbs/fake_rep_bbs.go:350.69,356.37 4 0
github.com/cloudfoundry-incubator/runtime-schema/bbs/fake_bbs/fake_rep_bbs.go:356.37,358.3 1 0
github.com/cloudfoundry-incubator/runtime-schema/bbs/fake_bbs/fake_rep_bbs.go:358.4,360.3 1 0
github.com/cloudfoundry-incubator/runtime-schema/bbs/fake_bbs/fake_rep_bbs.go:363.56,367.2 3 0
github.com/cloudfoundry-incubator/runtime-schema/bbs/fake_bbs/fake_rep_bbs.go:369.76,373.2 3 0
github.com/cloudfoundry-incubator/runtime-schema/bbs/fake_bbs/fake_rep_bbs.go:375.63,380.2 2 0
github.com/cloudfoundry-incubator/runtime-schema/bbs/fake_bbs/fake_rep_bbs.go:382.107,390.45 4 0
github.com/cloudfoundry-incubator/runtime-schema/bbs/fake_bbs/fake_rep_bbs.go:390.45,392.3 1 0
github.com/cloudfoundry-incubator/runtime-schema/bbs/fake_bbs/fake_rep_bbs.go:392.4,394.3 1 0
github.com/cloudfoundry-incubator/runtime-schema/bbs/fake_bbs/fake_rep_bbs.go:397.64,401.2 3 0
github.com/cloudfoundry-incubator/runtime-schema/bbs/fake_bbs/fake_rep_bbs.go:403.89,407.2 3 0
github.com/cloudfoundry-incubator/runtime-schema/bbs/fake_bbs/fake_rep_bbs.go:409.71,414.2 2 0
github.com/cloudfoundry-incubator/runtime-schema/bbs/fake_bbs/fake_rep_bbs.go:416.110,420.45 4 0
github.com/cloudfoundry-incubator/runtime-schema/bbs/fake_bbs/fake_rep_bbs.go:420.45,422.3 1 0
github.com/cloudfoundry-incubator/runtime-schema/bbs/fake_bbs/fake_rep_bbs.go:422.4,424.3 1 0
github.com/cloudfoundry-incubator/runtime-schema/bbs/fake_bbs/fake_rep_bbs.go:427.64,431.2 3 0
github.com/cloudfoundry-incubator/runtime-schema/bbs/fake_bbs/fake_rep_bbs.go:433.138,440.2 2 0
github.com/cloudfoundry-incubator/runtime-schema/bbs/fake_bbs/fake_rep_bbs.go:442.91,448.44 4 0
github.com/cloudfoundry-incubator/runtime-schema/bbs/fake_bbs/fake_rep_bbs.go:448.44,450.3 1 0
github.com/cloudfoundry-incubator/runtime-schema/bbs/fake_bbs/fake_rep_bbs.go:450.4,452.3 1 0
github.com/cloudfoundry-incubator/runtime-schema/bbs/fake_bbs/fake_rep_bbs.go:455.63,459.2 3 0
github.com/cloudfoundry-incubator/runtime-schema/bbs/fake_bbs/fake_rep_bbs.go:461.89,465.2 3 0
github.com/cloudfoundry-incubator/runtime-schema/bbs/fake_bbs/fake_rep_bbs.go:467.70,472.2 2 0
github.com/cloudfoundry-incubator/runtime-schema/bbs/fake_bbs/fake_route_emitter_bbs.go:27.52,37.2 1 1
github.com/cloudfoundry-incubator/runtime-schema/bbs/fake_bbs/fake_route_emitter_bbs.go:39.125,41.2 1 0
github.com/cloudfoundry-incubator/runtime-schema/bbs/fake_bbs/fake_route_emitter_bbs.go:43.83,45.2 1 0
github.com/cloudfoundry-incubator/runtime-schema/bbs/fake_bbs/fake_route_emitter_bbs.go:47.123,49.2 1 0
github.com/cloudfoundry-incubator/runtime-schema/bbs/fake_bbs/fake_route_emitter_bbs.go:51.82,53.2 1 0
github.com/cloudfoundry-incubator/runtime-schema/bbs/fake_bbs/fake_route_emitter_bbs.go:55.86,56.46 1 0
github.com/cloudfoundry-incubator/runtime-schema/bbs/fake_bbs/fake_route_emitter_bbs.go:60.2,60.36 1 0
github.com/cloudfoundry-incubator/runtime-schema/bbs/fake_bbs/fake_route_emitter_bbs.go:56.46,58.3 1 0
github.com/cloudfoundry-incubator/runtime-schema/bbs/fake_bbs/fake_route_emitter_bbs.go:63.88,64.49 1 0
github.com/cloudfoundry-incubator/runtime-schema/bbs/fake_bbs/fake_route_emitter_bbs.go:68.2,68.35 1 0
github.com/cloudfoundry-incubator/runtime-schema/bbs/fake_bbs/fake_route_emitter_bbs.go:64.49,66.3 1 0
github.com/cloudfoundry-incubator/runtime-schema/bbs/fake_bbs/fake_route_emitter_bbs.go:71.111,72.55 1 0
github.com/cloudfoundry-incubator/runtime-schema/bbs/fake_bbs/fake_route_emitter_bbs.go:76.2,76.32 1 0
github.com/cloudfoundry-incubator/runtime-schema/bbs/fake_bbs/fake_route_emitter_bbs.go:72.55,74.3 1 0
github.com/cloudfoundry-incubator/runtime-schema/bbs/fake_bbs/fake_route_emitter_bbs.go:79.119,80.55 1 0
github.com/cloudfoundry-incubator/runtime-schema/bbs/fake_bbs/fake_route_emitter_bbs.go:84.2,84.32 1 0
github.com/cloudfoundry-incubator/runtime-schema/bbs/fake_bbs/fake_route_emitter_bbs.go:80.55,82.3 1 0
